<?xml version="1.0" encoding="UTF-8"?>
<testng-results ignored="0" total="1" passed="1" failed="0" skipped="0">
  <reporter-output>
  </reporter-output>
  <suite started-at="2019-11-30T14:19:54 IST" name="com.crm.qa.testcases.LoginPageTest" finished-at="2019-11-30T14:20:10 IST" duration-ms="16456">
    <groups>
    </groups>
    <test started-at="2019-11-30T14:19:54 IST" name="Command line test" finished-at="2019-11-30T14:20:10 IST" duration-ms="16456">
      <class name="com.crm.qa.testcases.LoginPageTest">
        <test-method is-config="true" signature="setUp()[pri:0, instance:com.crm.qa.testcases.LoginPageTest@76a3e297]" started-at="2019-11-30T14:19:54 IST" name="setUp" finished-at="2019-11-30T14:20:10 IST" duration-ms="16037" status="PASS">
          <reporter-output>
          </reporter-output>
        </test-method> <!-- setUp -->
        <test-method signature="loginTest()[pri:3, instance:com.crm.qa.testcases.LoginPageTest@76a3e297]" started-at="2019-11-30T14:20:10 IST" name="loginTest" finished-at="2019-11-30T14:20:10 IST" duration-ms="395" status="PASS">
          <reporter-output>
          </reporter-output>
        </test-method> <!-- loginTest -->
        <test-method is-config="true" signature="tearDown()[pri:0, instance:com.crm.qa.testcases.LoginPageTest@76a3e297]" started-at="2019-11-30T14:20:10 IST" name="tearDown" finished-at="2019-11-30T14:20:10 IST" duration-ms="0" status="PASS">
          <reporter-output>
          </reporter-output>
        </test-method> <!-- tearDown -->
      </class> <!-- com.crm.qa.testcases.LoginPageTest -->
    </test> <!-- Command line test -->
  </suite> <!-- com.crm.qa.testcases.LoginPageTest -->
</testng-results>
