<?xml version="1.0" encoding="UTF-8"?>
<testng-results ignored="0" total="1" passed="1" failed="0" skipped="0">
  <reporter-output>
  </reporter-output>
  <suite started-at="2019-11-30T08:52:08Z" name="Default suite" finished-at="2019-11-30T08:52:23Z" duration-ms="15249">
    <groups>
    </groups>
    <test started-at="2019-11-30T08:52:08Z" name="Default test" finished-at="2019-11-30T08:52:23Z" duration-ms="15249">
      <class name="com.crm.qa.testcases.LoginPageTest">
        <test-method is-config="true" signature="setUp()[pri:0, instance:com.crm.qa.testcases.LoginPageTest@7ff95560]" started-at="2019-11-30T08:52:08Z" name="setUp" finished-at="2019-11-30T08:52:23Z" duration-ms="14904" status="PASS">
          <reporter-output>
          </reporter-output>
        </test-method> <!-- setUp -->
        <test-method signature="loginTest()[pri:3, instance:com.crm.qa.testcases.LoginPageTest@7ff95560]" started-at="2019-11-30T08:52:23Z" name="loginTest" finished-at="2019-11-30T08:52:23Z" duration-ms="331" status="PASS">
          <reporter-output>
          </reporter-output>
        </test-method> <!-- loginTest -->
        <test-method is-config="true" signature="tearDown()[pri:0, instance:com.crm.qa.testcases.LoginPageTest@7ff95560]" started-at="2019-11-30T08:52:23Z" name="tearDown" finished-at="2019-11-30T08:52:23Z" duration-ms="0" status="PASS">
          <reporter-output>
          </reporter-output>
        </test-method> <!-- tearDown -->
      </class> <!-- com.crm.qa.testcases.LoginPageTest -->
    </test> <!-- Default test -->
  </suite> <!-- Default suite -->
</testng-results>
